2024-09-25 18:23:56,397 DEBUG    root            Loaded Command Group: ['gcloud', 'components']
2024-09-25 18:23:56,400 DEBUG    root            Loaded Command Group: ['gcloud', 'components', 'update']
2024-09-25 18:23:56,403 DEBUG    root            Running [gcloud.components.update] with arguments: [--quiet: "True", COMPONENT-IDS:8: "['gcloud', 'core', 'bq', 'gsutil', 'compute', 'preview', 'alpha', 'beta']"]
2024-09-25 18:23:56,405 INFO     ___FILE_ONLY___ Beginning update. This process may take several minutes.

2024-09-25 18:23:56,417 DEBUG    urllib3.connectionpool Starting new HTTPS connection (1): dl.google.com:443
2024-09-25 18:23:56,526 DEBUG    urllib3.connectionpool https://dl.google.com:443 "GET /dl/cloudsdk/channels/rapid/components-2.json HTTP/1.1" 200 227002
2024-09-25 18:23:56,549 WARNING  root            Component [preview] no longer exists.
2024-09-25 18:23:56,549 WARNING  root            Component [compute] no longer exists.
2024-09-25 18:23:56,550 INFO     ___FILE_ONLY___ 

2024-09-25 18:23:56,551 INFO     ___FILE_ONLY___ 
Your current Google Cloud CLI version is: 494.0.0

2024-09-25 18:23:56,551 INFO     ___FILE_ONLY___ Installing components from version: 494.0.0

2024-09-25 18:23:56,551 INFO     ___FILE_ONLY___ 

2024-09-25 18:23:56,551 DEBUG    root            Chosen display Format:table[box,title="These components will be removed."](details.display_name:label=Name:align=left,version.version_string:label=Version:align=right,data.size.size(zero="",min=1048576):label=Size:align=right)
2024-09-25 18:23:56,552 DEBUG    root            Chosen display Format:table[box,title="These components will be updated."](details.display_name:label=Name:align=left,version.version_string:label=Version:align=right,data.size.size(zero="",min=1048576):label=Size:align=right)
2024-09-25 18:23:56,553 DEBUG    root            Chosen display Format:table[box,title="These components will be installed."](details.display_name:label=Name:align=left,version.version_string:label=Version:align=right,data.size.size(zero="",min=1048576):label=Size:align=right)
2024-09-25 18:23:56,576 INFO     ___FILE_ONLY___ ┌──────────────────────────────────────────────┐
2024-09-25 18:23:56,577 INFO     ___FILE_ONLY___ 

2024-09-25 18:23:56,577 INFO     ___FILE_ONLY___ │     These components will be installed.      │
2024-09-25 18:23:56,577 INFO     ___FILE_ONLY___ 

2024-09-25 18:23:56,577 INFO     ___FILE_ONLY___ ├───────────────────────┬────────────┬─────────┤
2024-09-25 18:23:56,577 INFO     ___FILE_ONLY___ 

2024-09-25 18:23:56,577 INFO     ___FILE_ONLY___ │          Name         │  Version   │   Size  │
2024-09-25 18:23:56,577 INFO     ___FILE_ONLY___ 

2024-09-25 18:23:56,577 INFO     ___FILE_ONLY___ ├───────────────────────┼────────────┼─────────┤
2024-09-25 18:23:56,578 INFO     ___FILE_ONLY___ 

2024-09-25 18:23:56,578 INFO     ___FILE_ONLY___ │ 
2024-09-25 18:23:56,578 INFO     ___FILE_ONLY___ gcloud Alpha Commands
2024-09-25 18:23:56,578 INFO     ___FILE_ONLY___  
2024-09-25 18:23:56,578 INFO     ___FILE_ONLY___ │ 
2024-09-25 18:23:56,578 INFO     ___FILE_ONLY___ 2024.09.20
2024-09-25 18:23:56,578 INFO     ___FILE_ONLY___  
2024-09-25 18:23:56,578 INFO     ___FILE_ONLY___ │ 
2024-09-25 18:23:56,578 INFO     ___FILE_ONLY___ < 1 MiB
2024-09-25 18:23:56,578 INFO     ___FILE_ONLY___  
2024-09-25 18:23:56,579 INFO     ___FILE_ONLY___ │
2024-09-25 18:23:56,579 INFO     ___FILE_ONLY___ 

2024-09-25 18:23:56,579 INFO     ___FILE_ONLY___ │ 
2024-09-25 18:23:56,579 INFO     ___FILE_ONLY___ gcloud Beta Commands 
2024-09-25 18:23:56,579 INFO     ___FILE_ONLY___  
2024-09-25 18:23:56,579 INFO     ___FILE_ONLY___ │ 
2024-09-25 18:23:56,579 INFO     ___FILE_ONLY___ 2024.09.20
2024-09-25 18:23:56,579 INFO     ___FILE_ONLY___  
2024-09-25 18:23:56,579 INFO     ___FILE_ONLY___ │ 
2024-09-25 18:23:56,580 INFO     ___FILE_ONLY___ < 1 MiB
2024-09-25 18:23:56,580 INFO     ___FILE_ONLY___  
2024-09-25 18:23:56,580 INFO     ___FILE_ONLY___ │
2024-09-25 18:23:56,580 INFO     ___FILE_ONLY___ 

2024-09-25 18:23:56,580 INFO     ___FILE_ONLY___ └───────────────────────┴────────────┴─────────┘
2024-09-25 18:23:56,580 INFO     ___FILE_ONLY___ 

2024-09-25 18:23:56,580 INFO     ___FILE_ONLY___ 

2024-09-25 18:23:56,584 DEBUG    urllib3.connectionpool Starting new HTTPS connection (1): dl.google.com:443
2024-09-25 18:23:56,897 DEBUG    urllib3.connectionpool https://dl.google.com:443 "GET /dl/cloudsdk/channels/rapid/RELEASE_NOTES HTTP/1.1" 200 1277951
2024-09-25 18:23:56,970 INFO     ___FILE_ONLY___ For the latest full release notes, please visit:
  https://cloud.google.com/sdk/release_notes


2024-09-25 18:23:56,970 INFO     ___FILE_ONLY___ Performing in place update...


2024-09-25 18:23:56,973 INFO     ___FILE_ONLY___ ╔════════════════════════════════════════════════════════════╗

2024-09-25 18:23:56,973 INFO     ___FILE_ONLY___ ╠═ Downloading: gcloud Alpha Commands                       ═╣

2024-09-25 18:23:56,973 INFO     ___FILE_ONLY___ ╚
2024-09-25 18:23:56,977 DEBUG    urllib3.connectionpool Starting new HTTPS connection (1): dl.google.com:443
2024-09-25 18:23:57,099 DEBUG    urllib3.connectionpool https://dl.google.com:443 "GET /dl/cloudsdk/channels/rapid/components/google-cloud-sdk-alpha-20240920144119.tar.gz HTTP/1.1" 200 800
2024-09-25 18:23:57,100 INFO     ___FILE_ONLY___ ════════════════════════════════════════════════════════════
2024-09-25 18:23:57,100 INFO     ___FILE_ONLY___ ╝

2024-09-25 18:23:57,103 INFO     ___FILE_ONLY___ ╔════════════════════════════════════════════════════════════╗

2024-09-25 18:23:57,103 INFO     ___FILE_ONLY___ ╠═ Downloading: gcloud Beta Commands                        ═╣

2024-09-25 18:23:57,103 INFO     ___FILE_ONLY___ ╚
2024-09-25 18:23:57,107 DEBUG    urllib3.connectionpool Starting new HTTPS connection (1): dl.google.com:443
2024-09-25 18:23:57,415 DEBUG    urllib3.connectionpool https://dl.google.com:443 "GET /dl/cloudsdk/channels/rapid/components/google-cloud-sdk-beta-20240920144119.tar.gz HTTP/1.1" 200 797
2024-09-25 18:23:57,416 INFO     ___FILE_ONLY___ ════════════════════════════════════════════════════════════
2024-09-25 18:23:57,416 INFO     ___FILE_ONLY___ ╝

2024-09-25 18:23:57,419 INFO     ___FILE_ONLY___ ╔════════════════════════════════════════════════════════════╗

2024-09-25 18:23:57,419 INFO     ___FILE_ONLY___ ╠═ Installing: gcloud Alpha Commands                        ═╣

2024-09-25 18:23:57,420 INFO     ___FILE_ONLY___ ╚
2024-09-25 18:23:57,421 INFO     ___FILE_ONLY___ ════════════════════════════════════════════════════════════
2024-09-25 18:23:57,421 INFO     ___FILE_ONLY___ ╝

2024-09-25 18:23:57,431 INFO     ___FILE_ONLY___ ╔════════════════════════════════════════════════════════════╗

2024-09-25 18:23:57,431 INFO     ___FILE_ONLY___ ╠═ Installing: gcloud Beta Commands                         ═╣

2024-09-25 18:23:57,431 INFO     ___FILE_ONLY___ ╚
2024-09-25 18:23:57,432 INFO     ___FILE_ONLY___ ════════════════════════════════════════════════════════════
2024-09-25 18:23:57,432 INFO     ___FILE_ONLY___ ╝

2024-09-25 18:23:57,442 DEBUG    root            Updating notification cache...
2024-09-25 18:23:57,443 INFO     ___FILE_ONLY___ 

2024-09-25 18:23:57,446 INFO     ___FILE_ONLY___ Performing post processing steps...
2024-09-25 18:23:57,446 DEBUG    root            Executing command: ['/tools/google-cloud-sdk/bin/gcloud', 'components', 'post-process']
2024-09-25 18:24:12,424 DEBUG    ___FILE_ONLY___ 
2024-09-25 18:24:12,424 DEBUG    ___FILE_ONLY___ 
2024-09-25 18:24:12,478 INFO     ___FILE_ONLY___ 
Update done!


2024-09-25 18:24:12,482 DEBUG    root            Chosen display Format:none
2024-09-25 18:24:12,483 INFO     root            Display format: "none"
