2024-09-25 18:23:28,407 DEBUG    root            Loaded Command Group: ['gcloud', 'components']
2024-09-25 18:23:28,412 DEBUG    root            Loaded Command Group: ['gcloud', 'components', 'update']
2024-09-25 18:23:28,415 DEBUG    root            Running [gcloud.components.update] with arguments: [--compile-python: "True", --quiet: "True", COMPONENT-IDS:6: "['core', 'gcloud-deps', 'bq', 'gcloud', 'gcloud-crc32c', 'gsutil']"]
2024-09-25 18:23:28,416 INFO     ___FILE_ONLY___ Beginning update. This process may take several minutes.

2024-09-25 18:23:28,458 DEBUG    urllib3.connectionpool Starting new HTTPS connection (1): dl.google.com:443
2024-09-25 18:23:28,721 DEBUG    urllib3.connectionpool https://dl.google.com:443 "GET /dl/cloudsdk/channels/rapid/components-2.json HTTP/1.1" 200 227002
2024-09-25 18:23:28,741 INFO     ___FILE_ONLY___ 

2024-09-25 18:23:28,742 INFO     ___FILE_ONLY___ 
Your current Google Cloud CLI version is: 494.0.0

2024-09-25 18:23:28,742 INFO     ___FILE_ONLY___ Installing components from version: 494.0.0

2024-09-25 18:23:28,742 INFO     ___FILE_ONLY___ 

2024-09-25 18:23:28,742 DEBUG    root            Chosen display Format:table[box,title="These components will be removed."](details.display_name:label=Name:align=left,version.version_string:label=Version:align=right,data.size.size(zero="",min=1048576):label=Size:align=right)
2024-09-25 18:23:28,743 DEBUG    root            Chosen display Format:table[box,title="These components will be updated."](details.display_name:label=Name:align=left,version.version_string:label=Version:align=right,data.size.size(zero="",min=1048576):label=Size:align=right)
2024-09-25 18:23:28,744 DEBUG    root            Chosen display Format:table[box,title="These components will be installed."](details.display_name:label=Name:align=left,version.version_string:label=Version:align=right,data.size.size(zero="",min=1048576):label=Size:align=right)
2024-09-25 18:23:28,800 INFO     ___FILE_ONLY___ ┌─────────────────────────────────────────────────────────────────────────────┐
2024-09-25 18:23:28,800 INFO     ___FILE_ONLY___ 

2024-09-25 18:23:28,800 INFO     ___FILE_ONLY___ │                     These components will be installed.                     │
2024-09-25 18:23:28,800 INFO     ___FILE_ONLY___ 

2024-09-25 18:23:28,800 INFO     ___FILE_ONLY___ ├─────────────────────────────────────────────────────┬────────────┬──────────┤
2024-09-25 18:23:28,801 INFO     ___FILE_ONLY___ 

2024-09-25 18:23:28,801 INFO     ___FILE_ONLY___ │                         Name                        │  Version   │   Size   │
2024-09-25 18:23:28,801 INFO     ___FILE_ONLY___ 

2024-09-25 18:23:28,801 INFO     ___FILE_ONLY___ ├─────────────────────────────────────────────────────┼────────────┼──────────┤
2024-09-25 18:23:28,801 INFO     ___FILE_ONLY___ 

2024-09-25 18:23:28,801 INFO     ___FILE_ONLY___ │ 
2024-09-25 18:23:28,801 INFO     ___FILE_ONLY___ BigQuery Command Line Tool                         
2024-09-25 18:23:28,801 INFO     ___FILE_ONLY___  
2024-09-25 18:23:28,801 INFO     ___FILE_ONLY___ │ 
2024-09-25 18:23:28,802 INFO     ___FILE_ONLY___      2.1.8
2024-09-25 18:23:28,802 INFO     ___FILE_ONLY___  
2024-09-25 18:23:28,802 INFO     ___FILE_ONLY___ │ 
2024-09-25 18:23:28,802 INFO     ___FILE_ONLY___  1.7 MiB
2024-09-25 18:23:28,802 INFO     ___FILE_ONLY___  
2024-09-25 18:23:28,802 INFO     ___FILE_ONLY___ │
2024-09-25 18:23:28,802 INFO     ___FILE_ONLY___ 

2024-09-25 18:23:28,802 INFO     ___FILE_ONLY___ │ 
2024-09-25 18:23:28,802 INFO     ___FILE_ONLY___ BigQuery Command Line Tool (Platform Specific)     
2024-09-25 18:23:28,803 INFO     ___FILE_ONLY___  
2024-09-25 18:23:28,803 INFO     ___FILE_ONLY___ │ 
2024-09-25 18:23:28,803 INFO     ___FILE_ONLY___      2.1.8
2024-09-25 18:23:28,803 INFO     ___FILE_ONLY___  
2024-09-25 18:23:28,803 INFO     ___FILE_ONLY___ │ 
2024-09-25 18:23:28,803 INFO     ___FILE_ONLY___  < 1 MiB
2024-09-25 18:23:28,803 INFO     ___FILE_ONLY___  
2024-09-25 18:23:28,803 INFO     ___FILE_ONLY___ │
2024-09-25 18:23:28,804 INFO     ___FILE_ONLY___ 

2024-09-25 18:23:28,804 INFO     ___FILE_ONLY___ │ 
2024-09-25 18:23:28,804 INFO     ___FILE_ONLY___ Bundled Python 3.11 (Platform Specific)            
2024-09-25 18:23:28,804 INFO     ___FILE_ONLY___  
2024-09-25 18:23:28,804 INFO     ___FILE_ONLY___ │ 
2024-09-25 18:23:28,804 INFO     ___FILE_ONLY___     3.11.9
2024-09-25 18:23:28,804 INFO     ___FILE_ONLY___  
2024-09-25 18:23:28,804 INFO     ___FILE_ONLY___ │ 
2024-09-25 18:23:28,805 INFO     ___FILE_ONLY___ 74.4 MiB
2024-09-25 18:23:28,805 INFO     ___FILE_ONLY___  
2024-09-25 18:23:28,805 INFO     ___FILE_ONLY___ │
2024-09-25 18:23:28,805 INFO     ___FILE_ONLY___ 

2024-09-25 18:23:28,805 INFO     ___FILE_ONLY___ │ 
2024-09-25 18:23:28,805 INFO     ___FILE_ONLY___ Cloud Storage Command Line Tool                    
2024-09-25 18:23:28,805 INFO     ___FILE_ONLY___  
2024-09-25 18:23:28,805 INFO     ___FILE_ONLY___ │ 
2024-09-25 18:23:28,805 INFO     ___FILE_ONLY___       5.30
2024-09-25 18:23:28,806 INFO     ___FILE_ONLY___  
2024-09-25 18:23:28,806 INFO     ___FILE_ONLY___ │ 
2024-09-25 18:23:28,806 INFO     ___FILE_ONLY___ 11.3 MiB
2024-09-25 18:23:28,806 INFO     ___FILE_ONLY___  
2024-09-25 18:23:28,806 INFO     ___FILE_ONLY___ │
2024-09-25 18:23:28,806 INFO     ___FILE_ONLY___ 

2024-09-25 18:23:28,806 INFO     ___FILE_ONLY___ │ 
2024-09-25 18:23:28,806 INFO     ___FILE_ONLY___ Cloud Storage Command Line Tool (Platform Specific)
2024-09-25 18:23:28,806 INFO     ___FILE_ONLY___  
2024-09-25 18:23:28,807 INFO     ___FILE_ONLY___ │ 
2024-09-25 18:23:28,807 INFO     ___FILE_ONLY___       5.30
2024-09-25 18:23:28,807 INFO     ___FILE_ONLY___  
2024-09-25 18:23:28,807 INFO     ___FILE_ONLY___ │ 
2024-09-25 18:23:28,807 INFO     ___FILE_ONLY___  < 1 MiB
2024-09-25 18:23:28,807 INFO     ___FILE_ONLY___  
2024-09-25 18:23:28,807 INFO     ___FILE_ONLY___ │
2024-09-25 18:23:28,807 INFO     ___FILE_ONLY___ 

2024-09-25 18:23:28,807 INFO     ___FILE_ONLY___ │ 
2024-09-25 18:23:28,807 INFO     ___FILE_ONLY___ Google Cloud CLI Core Libraries (Platform Specific)
2024-09-25 18:23:28,808 INFO     ___FILE_ONLY___  
2024-09-25 18:23:28,808 INFO     ___FILE_ONLY___ │ 
2024-09-25 18:23:28,808 INFO     ___FILE_ONLY___ 2024.08.30
2024-09-25 18:23:28,808 INFO     ___FILE_ONLY___  
2024-09-25 18:23:28,808 INFO     ___FILE_ONLY___ │ 
2024-09-25 18:23:28,808 INFO     ___FILE_ONLY___  < 1 MiB
2024-09-25 18:23:28,808 INFO     ___FILE_ONLY___  
2024-09-25 18:23:28,808 INFO     ___FILE_ONLY___ │
2024-09-25 18:23:28,808 INFO     ___FILE_ONLY___ 

2024-09-25 18:23:28,808 INFO     ___FILE_ONLY___ │ 
2024-09-25 18:23:28,809 INFO     ___FILE_ONLY___ Google Cloud CRC32C Hash Tool (Platform Specific)  
2024-09-25 18:23:28,809 INFO     ___FILE_ONLY___  
2024-09-25 18:23:28,809 INFO     ___FILE_ONLY___ │ 
2024-09-25 18:23:28,809 INFO     ___FILE_ONLY___      1.0.0
2024-09-25 18:23:28,809 INFO     ___FILE_ONLY___  
2024-09-25 18:23:28,809 INFO     ___FILE_ONLY___ │ 
2024-09-25 18:23:28,809 INFO     ___FILE_ONLY___  1.3 MiB
2024-09-25 18:23:28,809 INFO     ___FILE_ONLY___  
2024-09-25 18:23:28,810 INFO     ___FILE_ONLY___ │
2024-09-25 18:23:28,810 INFO     ___FILE_ONLY___ 

2024-09-25 18:23:28,810 INFO     ___FILE_ONLY___ │ 
2024-09-25 18:23:28,810 INFO     ___FILE_ONLY___ gcloud cli dependencies (Platform Specific)        
2024-09-25 18:23:28,810 INFO     ___FILE_ONLY___  
2024-09-25 18:23:28,810 INFO     ___FILE_ONLY___ │ 
2024-09-25 18:23:28,810 INFO     ___FILE_ONLY___ 2021.04.16
2024-09-25 18:23:28,810 INFO     ___FILE_ONLY___  
2024-09-25 18:23:28,810 INFO     ___FILE_ONLY___ │ 
2024-09-25 18:23:28,811 INFO     ___FILE_ONLY___  < 1 MiB
2024-09-25 18:23:28,811 INFO     ___FILE_ONLY___  
2024-09-25 18:23:28,811 INFO     ___FILE_ONLY___ │
2024-09-25 18:23:28,811 INFO     ___FILE_ONLY___ 

2024-09-25 18:23:28,811 INFO     ___FILE_ONLY___ └─────────────────────────────────────────────────────┴────────────┴──────────┘
2024-09-25 18:23:28,811 INFO     ___FILE_ONLY___ 

2024-09-25 18:23:28,811 INFO     ___FILE_ONLY___ 

2024-09-25 18:23:28,815 DEBUG    urllib3.connectionpool Starting new HTTPS connection (1): dl.google.com:443
2024-09-25 18:23:29,178 DEBUG    urllib3.connectionpool https://dl.google.com:443 "GET /dl/cloudsdk/channels/rapid/RELEASE_NOTES HTTP/1.1" 200 1277951
2024-09-25 18:23:29,248 INFO     ___FILE_ONLY___ For the latest full release notes, please visit:
  https://cloud.google.com/sdk/release_notes


2024-09-25 18:23:29,248 INFO     ___FILE_ONLY___ Performing in place update...


2024-09-25 18:23:29,251 INFO     ___FILE_ONLY___ ╔════════════════════════════════════════════════════════════╗

2024-09-25 18:23:29,251 INFO     ___FILE_ONLY___ ╠═ Downloading: BigQuery Command Line Tool                  ═╣

2024-09-25 18:23:29,252 INFO     ___FILE_ONLY___ ╚
2024-09-25 18:23:29,256 DEBUG    urllib3.connectionpool Starting new HTTPS connection (1): dl.google.com:443
2024-09-25 18:23:29,369 DEBUG    urllib3.connectionpool https://dl.google.com:443 "GET /dl/cloudsdk/channels/rapid/components/google-cloud-sdk-bq-20240816183020.tar.gz HTTP/1.1" 200 1818208
2024-09-25 18:23:29,388 INFO     ___FILE_ONLY___ ═
2024-09-25 18:23:29,388 INFO     ___FILE_ONLY___ ═
2024-09-25 18:23:29,388 INFO     ___FILE_ONLY___ ═
2024-09-25 18:23:29,389 INFO     ___FILE_ONLY___ ═
2024-09-25 18:23:29,389 INFO     ___FILE_ONLY___ ═
2024-09-25 18:23:29,389 INFO     ___FILE_ONLY___ ═
2024-09-25 18:23:29,389 INFO     ___FILE_ONLY___ ═
2024-09-25 18:23:29,389 INFO     ___FILE_ONLY___ ═
2024-09-25 18:23:29,389 INFO     ___FILE_ONLY___ ═
2024-09-25 18:23:29,390 INFO     ___FILE_ONLY___ ═
2024-09-25 18:23:29,390 INFO     ___FILE_ONLY___ ═
2024-09-25 18:23:29,390 INFO     ___FILE_ONLY___ ═
2024-09-25 18:23:29,390 INFO     ___FILE_ONLY___ ═
2024-09-25 18:23:29,390 INFO     ___FILE_ONLY___ ═
2024-09-25 18:23:29,391 INFO     ___FILE_ONLY___ ═
2024-09-25 18:23:29,391 INFO     ___FILE_ONLY___ ═
2024-09-25 18:23:29,391 INFO     ___FILE_ONLY___ ═
2024-09-25 18:23:29,391 INFO     ___FILE_ONLY___ ═
2024-09-25 18:23:29,391 INFO     ___FILE_ONLY___ ═
2024-09-25 18:23:29,392 INFO     ___FILE_ONLY___ ═
2024-09-25 18:23:29,392 INFO     ___FILE_ONLY___ ═
2024-09-25 18:23:29,392 INFO     ___FILE_ONLY___ ═
2024-09-25 18:23:29,392 INFO     ___FILE_ONLY___ ═
2024-09-25 18:23:29,392 INFO     ___FILE_ONLY___ ═
2024-09-25 18:23:29,393 INFO     ___FILE_ONLY___ ═
2024-09-25 18:23:29,393 INFO     ___FILE_ONLY___ ═
2024-09-25 18:23:29,393 INFO     ___FILE_ONLY___ ═
2024-09-25 18:23:29,393 INFO     ___FILE_ONLY___ ═
2024-09-25 18:23:29,393 INFO     ___FILE_ONLY___ ═
2024-09-25 18:23:29,394 INFO     ___FILE_ONLY___ ═
2024-09-25 18:23:29,394 INFO     ___FILE_ONLY___ ═
2024-09-25 18:23:29,394 INFO     ___FILE_ONLY___ ═
2024-09-25 18:23:29,394 INFO     ___FILE_ONLY___ ═
2024-09-25 18:23:29,394 INFO     ___FILE_ONLY___ ═
2024-09-25 18:23:29,394 INFO     ___FILE_ONLY___ ═
2024-09-25 18:23:29,395 INFO     ___FILE_ONLY___ ═
2024-09-25 18:23:29,395 INFO     ___FILE_ONLY___ ═
2024-09-25 18:23:29,395 INFO     ___FILE_ONLY___ ═
2024-09-25 18:23:29,395 INFO     ___FILE_ONLY___ ═
2024-09-25 18:23:29,395 INFO     ___FILE_ONLY___ ═
2024-09-25 18:23:29,396 INFO     ___FILE_ONLY___ ═
2024-09-25 18:23:29,396 INFO     ___FILE_ONLY___ ═
2024-09-25 18:23:29,396 INFO     ___FILE_ONLY___ ═
2024-09-25 18:23:29,396 INFO     ___FILE_ONLY___ ═
2024-09-25 18:23:29,396 INFO     ___FILE_ONLY___ ═
2024-09-25 18:23:29,397 INFO     ___FILE_ONLY___ ═
2024-09-25 18:23:29,397 INFO     ___FILE_ONLY___ ═
2024-09-25 18:23:29,397 INFO     ___FILE_ONLY___ ═
2024-09-25 18:23:29,397 INFO     ___FILE_ONLY___ ═
2024-09-25 18:23:29,397 INFO     ___FILE_ONLY___ ═
2024-09-25 18:23:29,398 INFO     ___FILE_ONLY___ ═
2024-09-25 18:23:29,398 INFO     ___FILE_ONLY___ ═
2024-09-25 18:23:29,398 INFO     ___FILE_ONLY___ ═
2024-09-25 18:23:29,398 INFO     ___FILE_ONLY___ ═
2024-09-25 18:23:29,398 INFO     ___FILE_ONLY___ ═
2024-09-25 18:23:29,399 INFO     ___FILE_ONLY___ ═
2024-09-25 18:23:29,399 INFO     ___FILE_ONLY___ ═
2024-09-25 18:23:29,399 INFO     ___FILE_ONLY___ ═
2024-09-25 18:23:29,399 INFO     ___FILE_ONLY___ ═
2024-09-25 18:23:29,399 INFO     ___FILE_ONLY___ ═
2024-09-25 18:23:29,399 INFO     ___FILE_ONLY___ ╝

2024-09-25 18:23:29,403 INFO     ___FILE_ONLY___ ╔════════════════════════════════════════════════════════════╗

2024-09-25 18:23:29,403 INFO     ___FILE_ONLY___ ╠═ Downloading: BigQuery Command Line Tool (Platform Spe... ═╣

2024-09-25 18:23:29,403 INFO     ___FILE_ONLY___ ╚
2024-09-25 18:23:29,407 DEBUG    urllib3.connectionpool Starting new HTTPS connection (1): dl.google.com:443
2024-09-25 18:23:29,718 DEBUG    urllib3.connectionpool https://dl.google.com:443 "GET /dl/cloudsdk/channels/rapid/components/google-cloud-sdk-bq-nix-20240830134514.tar.gz HTTP/1.1" 200 1914
2024-09-25 18:23:29,719 INFO     ___FILE_ONLY___ ════════════════════════════════════════════════════════════
2024-09-25 18:23:29,719 INFO     ___FILE_ONLY___ ╝

2024-09-25 18:23:29,722 INFO     ___FILE_ONLY___ ╔════════════════════════════════════════════════════════════╗

2024-09-25 18:23:29,722 INFO     ___FILE_ONLY___ ╠═ Downloading: Bundled Python 3.11                         ═╣

2024-09-25 18:23:29,722 INFO     ___FILE_ONLY___ ╚
2024-09-25 18:23:29,722 INFO     ___FILE_ONLY___ ════════════════════════════════════════════════════════════
2024-09-25 18:23:29,722 INFO     ___FILE_ONLY___ ╝

2024-09-25 18:23:29,725 INFO     ___FILE_ONLY___ ╔════════════════════════════════════════════════════════════╗

2024-09-25 18:23:29,725 INFO     ___FILE_ONLY___ ╠═ Downloading: Bundled Python 3.11 (Platform Specific)     ═╣

2024-09-25 18:23:29,725 INFO     ___FILE_ONLY___ ╚
2024-09-25 18:23:29,729 DEBUG    urllib3.connectionpool Starting new HTTPS connection (1): dl.google.com:443
2024-09-25 18:23:29,837 DEBUG    urllib3.connectionpool https://dl.google.com:443 "GET /dl/cloudsdk/channels/rapid/components/google-cloud-sdk-bundled-python3-unix-linux-x86_64-20240920144119.tar.gz HTTP/1.1" 200 78001783
2024-09-25 18:23:30,285 INFO     ___FILE_ONLY___ ═
2024-09-25 18:23:30,288 INFO     ___FILE_ONLY___ ═
2024-09-25 18:23:30,291 INFO     ___FILE_ONLY___ ═
2024-09-25 18:23:30,295 INFO     ___FILE_ONLY___ ═
2024-09-25 18:23:30,298 INFO     ___FILE_ONLY___ ═
2024-09-25 18:23:30,301 INFO     ___FILE_ONLY___ ═
2024-09-25 18:23:30,304 INFO     ___FILE_ONLY___ ═
2024-09-25 18:23:30,308 INFO     ___FILE_ONLY___ ═
2024-09-25 18:23:30,311 INFO     ___FILE_ONLY___ ═
2024-09-25 18:23:30,314 INFO     ___FILE_ONLY___ ═
2024-09-25 18:23:30,317 INFO     ___FILE_ONLY___ ═
2024-09-25 18:23:30,320 INFO     ___FILE_ONLY___ ═
2024-09-25 18:23:30,324 INFO     ___FILE_ONLY___ ═
2024-09-25 18:23:30,327 INFO     ___FILE_ONLY___ ═
2024-09-25 18:23:30,330 INFO     ___FILE_ONLY___ ═
2024-09-25 18:23:30,333 INFO     ___FILE_ONLY___ ═
2024-09-25 18:23:30,337 INFO     ___FILE_ONLY___ ═
2024-09-25 18:23:30,340 INFO     ___FILE_ONLY___ ═
2024-09-25 18:23:30,343 INFO     ___FILE_ONLY___ ═
2024-09-25 18:23:30,346 INFO     ___FILE_ONLY___ ═
2024-09-25 18:23:30,350 INFO     ___FILE_ONLY___ ═
2024-09-25 18:23:30,353 INFO     ___FILE_ONLY___ ═
2024-09-25 18:23:30,356 INFO     ___FILE_ONLY___ ═
2024-09-25 18:23:30,360 INFO     ___FILE_ONLY___ ═
2024-09-25 18:23:30,363 INFO     ___FILE_ONLY___ ═
2024-09-25 18:23:30,367 INFO     ___FILE_ONLY___ ═
2024-09-25 18:23:30,370 INFO     ___FILE_ONLY___ ═
2024-09-25 18:23:30,373 INFO     ___FILE_ONLY___ ═
2024-09-25 18:23:30,376 INFO     ___FILE_ONLY___ ═
2024-09-25 18:23:30,379 INFO     ___FILE_ONLY___ ═
2024-09-25 18:23:30,383 INFO     ___FILE_ONLY___ ═
2024-09-25 18:23:30,386 INFO     ___FILE_ONLY___ ═
2024-09-25 18:23:30,389 INFO     ___FILE_ONLY___ ═
2024-09-25 18:23:30,392 INFO     ___FILE_ONLY___ ═
2024-09-25 18:23:30,396 INFO     ___FILE_ONLY___ ═
2024-09-25 18:23:30,399 INFO     ___FILE_ONLY___ ═
2024-09-25 18:23:30,402 INFO     ___FILE_ONLY___ ═
2024-09-25 18:23:30,405 INFO     ___FILE_ONLY___ ═
2024-09-25 18:23:30,409 INFO     ___FILE_ONLY___ ═
2024-09-25 18:23:30,412 INFO     ___FILE_ONLY___ ═
2024-09-25 18:23:30,415 INFO     ___FILE_ONLY___ ═
2024-09-25 18:23:30,418 INFO     ___FILE_ONLY___ ═
2024-09-25 18:23:30,422 INFO     ___FILE_ONLY___ ═
2024-09-25 18:23:30,425 INFO     ___FILE_ONLY___ ═
2024-09-25 18:23:30,428 INFO     ___FILE_ONLY___ ═
2024-09-25 18:23:30,431 INFO     ___FILE_ONLY___ ═
2024-09-25 18:23:30,434 INFO     ___FILE_ONLY___ ═
2024-09-25 18:23:30,438 INFO     ___FILE_ONLY___ ═
2024-09-25 18:23:30,441 INFO     ___FILE_ONLY___ ═
2024-09-25 18:23:30,444 INFO     ___FILE_ONLY___ ═
2024-09-25 18:23:30,447 INFO     ___FILE_ONLY___ ═
2024-09-25 18:23:30,451 INFO     ___FILE_ONLY___ ═
2024-09-25 18:23:30,454 INFO     ___FILE_ONLY___ ═
2024-09-25 18:23:30,457 INFO     ___FILE_ONLY___ ═
2024-09-25 18:23:30,461 INFO     ___FILE_ONLY___ ═
2024-09-25 18:23:30,464 INFO     ___FILE_ONLY___ ═
2024-09-25 18:23:30,467 INFO     ___FILE_ONLY___ ═
2024-09-25 18:23:30,470 INFO     ___FILE_ONLY___ ═
2024-09-25 18:23:30,474 INFO     ___FILE_ONLY___ ═
2024-09-25 18:23:30,477 INFO     ___FILE_ONLY___ ═
2024-09-25 18:23:30,477 INFO     ___FILE_ONLY___ ╝

2024-09-25 18:23:30,480 INFO     ___FILE_ONLY___ ╔════════════════════════════════════════════════════════════╗

2024-09-25 18:23:30,481 INFO     ___FILE_ONLY___ ╠═ Downloading: Cloud Storage Command Line Tool             ═╣

2024-09-25 18:23:30,481 INFO     ___FILE_ONLY___ ╚
2024-09-25 18:23:30,490 DEBUG    urllib3.connectionpool Starting new HTTPS connection (1): dl.google.com:443
2024-09-25 18:23:30,604 DEBUG    urllib3.connectionpool https://dl.google.com:443 "GET /dl/cloudsdk/channels/rapid/components/google-cloud-sdk-gsutil-20240614142823.tar.gz HTTP/1.1" 200 11883175
2024-09-25 18:23:30,666 INFO     ___FILE_ONLY___ ═
2024-09-25 18:23:30,667 INFO     ___FILE_ONLY___ ═
2024-09-25 18:23:30,667 INFO     ___FILE_ONLY___ ═
2024-09-25 18:23:30,668 INFO     ___FILE_ONLY___ ═
2024-09-25 18:23:30,668 INFO     ___FILE_ONLY___ ═
2024-09-25 18:23:30,669 INFO     ___FILE_ONLY___ ═
2024-09-25 18:23:30,670 INFO     ___FILE_ONLY___ ═
2024-09-25 18:23:30,670 INFO     ___FILE_ONLY___ ═
2024-09-25 18:23:30,671 INFO     ___FILE_ONLY___ ═
2024-09-25 18:23:30,671 INFO     ___FILE_ONLY___ ═
2024-09-25 18:23:30,672 INFO     ___FILE_ONLY___ ═
2024-09-25 18:23:30,673 INFO     ___FILE_ONLY___ ═
2024-09-25 18:23:30,673 INFO     ___FILE_ONLY___ ═
2024-09-25 18:23:30,674 INFO     ___FILE_ONLY___ ═
2024-09-25 18:23:30,674 INFO     ___FILE_ONLY___ ═
2024-09-25 18:23:30,675 INFO     ___FILE_ONLY___ ═
2024-09-25 18:23:30,676 INFO     ___FILE_ONLY___ ═
2024-09-25 18:23:30,676 INFO     ___FILE_ONLY___ ═
2024-09-25 18:23:30,677 INFO     ___FILE_ONLY___ ═
2024-09-25 18:23:30,677 INFO     ___FILE_ONLY___ ═
2024-09-25 18:23:30,678 INFO     ___FILE_ONLY___ ═
2024-09-25 18:23:30,679 INFO     ___FILE_ONLY___ ═
2024-09-25 18:23:30,679 INFO     ___FILE_ONLY___ ═
2024-09-25 18:23:30,680 INFO     ___FILE_ONLY___ ═
2024-09-25 18:23:30,680 INFO     ___FILE_ONLY___ ═
2024-09-25 18:23:30,681 INFO     ___FILE_ONLY___ ═
2024-09-25 18:23:30,682 INFO     ___FILE_ONLY___ ═
2024-09-25 18:23:30,682 INFO     ___FILE_ONLY___ ═
2024-09-25 18:23:30,683 INFO     ___FILE_ONLY___ ═
2024-09-25 18:23:30,683 INFO     ___FILE_ONLY___ ═
2024-09-25 18:23:30,684 INFO     ___FILE_ONLY___ ═
2024-09-25 18:23:30,684 INFO     ___FILE_ONLY___ ═
2024-09-25 18:23:30,685 INFO     ___FILE_ONLY___ ═
2024-09-25 18:23:30,686 INFO     ___FILE_ONLY___ ═
2024-09-25 18:23:30,686 INFO     ___FILE_ONLY___ ═
2024-09-25 18:23:30,687 INFO     ___FILE_ONLY___ ═
2024-09-25 18:23:30,688 INFO     ___FILE_ONLY___ ═
2024-09-25 18:23:30,688 INFO     ___FILE_ONLY___ ═
2024-09-25 18:23:30,689 INFO     ___FILE_ONLY___ ═
2024-09-25 18:23:30,689 INFO     ___FILE_ONLY___ ═
2024-09-25 18:23:30,690 INFO     ___FILE_ONLY___ ═
2024-09-25 18:23:30,690 INFO     ___FILE_ONLY___ ═
2024-09-25 18:23:30,691 INFO     ___FILE_ONLY___ ═
2024-09-25 18:23:30,692 INFO     ___FILE_ONLY___ ═
2024-09-25 18:23:30,692 INFO     ___FILE_ONLY___ ═
2024-09-25 18:23:30,693 INFO     ___FILE_ONLY___ ═
2024-09-25 18:23:30,693 INFO     ___FILE_ONLY___ ═
2024-09-25 18:23:30,694 INFO     ___FILE_ONLY___ ═
2024-09-25 18:23:30,695 INFO     ___FILE_ONLY___ ═
2024-09-25 18:23:30,695 INFO     ___FILE_ONLY___ ═
2024-09-25 18:23:30,696 INFO     ___FILE_ONLY___ ═
2024-09-25 18:23:30,696 INFO     ___FILE_ONLY___ ═
2024-09-25 18:23:30,697 INFO     ___FILE_ONLY___ ═
2024-09-25 18:23:30,698 INFO     ___FILE_ONLY___ ═
2024-09-25 18:23:30,698 INFO     ___FILE_ONLY___ ═
2024-09-25 18:23:30,699 INFO     ___FILE_ONLY___ ═
2024-09-25 18:23:30,699 INFO     ___FILE_ONLY___ ═
2024-09-25 18:23:30,700 INFO     ___FILE_ONLY___ ═
2024-09-25 18:23:30,701 INFO     ___FILE_ONLY___ ═
2024-09-25 18:23:30,701 INFO     ___FILE_ONLY___ ═
2024-09-25 18:23:30,701 INFO     ___FILE_ONLY___ ╝

2024-09-25 18:23:30,705 INFO     ___FILE_ONLY___ ╔════════════════════════════════════════════════════════════╗

2024-09-25 18:23:30,705 INFO     ___FILE_ONLY___ ╠═ Downloading: Cloud Storage Command Line Tool (Platfor... ═╣

2024-09-25 18:23:30,705 INFO     ___FILE_ONLY___ ╚
2024-09-25 18:23:30,709 DEBUG    urllib3.connectionpool Starting new HTTPS connection (1): dl.google.com:443
2024-09-25 18:23:31,017 DEBUG    urllib3.connectionpool https://dl.google.com:443 "GET /dl/cloudsdk/channels/rapid/components/google-cloud-sdk-gsutil-nix-20240830134514.tar.gz HTTP/1.1" 200 1928
2024-09-25 18:23:31,018 INFO     ___FILE_ONLY___ ════════════════════════════════════════════════════════════
2024-09-25 18:23:31,018 INFO     ___FILE_ONLY___ ╝

2024-09-25 18:23:31,020 INFO     ___FILE_ONLY___ ╔════════════════════════════════════════════════════════════╗

2024-09-25 18:23:31,021 INFO     ___FILE_ONLY___ ╠═ Downloading: Default set of gcloud commands              ═╣

2024-09-25 18:23:31,021 INFO     ___FILE_ONLY___ ╚
2024-09-25 18:23:31,021 INFO     ___FILE_ONLY___ ════════════════════════════════════════════════════════════
2024-09-25 18:23:31,021 INFO     ___FILE_ONLY___ ╝

2024-09-25 18:23:31,024 INFO     ___FILE_ONLY___ ╔════════════════════════════════════════════════════════════╗

2024-09-25 18:23:31,024 INFO     ___FILE_ONLY___ ╠═ Downloading: Google Cloud CLI Core Libraries (Platfor... ═╣

2024-09-25 18:23:31,024 INFO     ___FILE_ONLY___ ╚
2024-09-25 18:23:31,028 DEBUG    urllib3.connectionpool Starting new HTTPS connection (1): dl.google.com:443
2024-09-25 18:23:31,291 DEBUG    urllib3.connectionpool https://dl.google.com:443 "GET /dl/cloudsdk/channels/rapid/components/google-cloud-sdk-core-nix-20240830134514.tar.gz HTTP/1.1" 200 2306
2024-09-25 18:23:31,292 INFO     ___FILE_ONLY___ ════════════════════════════════════════════════════════════
2024-09-25 18:23:31,292 INFO     ___FILE_ONLY___ ╝

2024-09-25 18:23:31,295 INFO     ___FILE_ONLY___ ╔════════════════════════════════════════════════════════════╗

2024-09-25 18:23:31,295 INFO     ___FILE_ONLY___ ╠═ Downloading: Google Cloud CRC32C Hash Tool               ═╣

2024-09-25 18:23:31,295 INFO     ___FILE_ONLY___ ╚
2024-09-25 18:23:31,295 INFO     ___FILE_ONLY___ ════════════════════════════════════════════════════════════
2024-09-25 18:23:31,296 INFO     ___FILE_ONLY___ ╝

2024-09-25 18:23:31,298 INFO     ___FILE_ONLY___ ╔════════════════════════════════════════════════════════════╗

2024-09-25 18:23:31,298 INFO     ___FILE_ONLY___ ╠═ Downloading: Google Cloud CRC32C Hash Tool (Platform ... ═╣

2024-09-25 18:23:31,298 INFO     ___FILE_ONLY___ ╚
2024-09-25 18:23:31,302 DEBUG    urllib3.connectionpool Starting new HTTPS connection (1): dl.google.com:443
2024-09-25 18:23:31,417 DEBUG    urllib3.connectionpool https://dl.google.com:443 "GET /dl/cloudsdk/channels/rapid/components/google-cloud-sdk-gcloud-crc32c-linux-x86_64-20240712142834.tar.gz HTTP/1.1" 200 1350263
2024-09-25 18:23:31,431 INFO     ___FILE_ONLY___ ═
2024-09-25 18:23:31,432 INFO     ___FILE_ONLY___ ═
2024-09-25 18:23:31,432 INFO     ___FILE_ONLY___ ═
2024-09-25 18:23:31,432 INFO     ___FILE_ONLY___ ═
2024-09-25 18:23:31,432 INFO     ___FILE_ONLY___ ═
2024-09-25 18:23:31,432 INFO     ___FILE_ONLY___ ═
2024-09-25 18:23:31,432 INFO     ___FILE_ONLY___ ═
2024-09-25 18:23:31,433 INFO     ___FILE_ONLY___ ═
2024-09-25 18:23:31,433 INFO     ___FILE_ONLY___ ═
2024-09-25 18:23:31,433 INFO     ___FILE_ONLY___ ═
2024-09-25 18:23:31,433 INFO     ___FILE_ONLY___ ═
2024-09-25 18:23:31,433 INFO     ___FILE_ONLY___ ═
2024-09-25 18:23:31,433 INFO     ___FILE_ONLY___ ═
2024-09-25 18:23:31,434 INFO     ___FILE_ONLY___ ═
2024-09-25 18:23:31,434 INFO     ___FILE_ONLY___ ═
2024-09-25 18:23:31,434 INFO     ___FILE_ONLY___ ═
2024-09-25 18:23:31,434 INFO     ___FILE_ONLY___ ═
2024-09-25 18:23:31,434 INFO     ___FILE_ONLY___ ═
2024-09-25 18:23:31,435 INFO     ___FILE_ONLY___ ═
2024-09-25 18:23:31,435 INFO     ___FILE_ONLY___ ═
2024-09-25 18:23:31,435 INFO     ___FILE_ONLY___ ═
2024-09-25 18:23:31,435 INFO     ___FILE_ONLY___ ═
2024-09-25 18:23:31,435 INFO     ___FILE_ONLY___ ═
2024-09-25 18:23:31,435 INFO     ___FILE_ONLY___ ═
2024-09-25 18:23:31,436 INFO     ___FILE_ONLY___ ═
2024-09-25 18:23:31,436 INFO     ___FILE_ONLY___ ═
2024-09-25 18:23:31,436 INFO     ___FILE_ONLY___ ═
2024-09-25 18:23:31,436 INFO     ___FILE_ONLY___ ═
2024-09-25 18:23:31,436 INFO     ___FILE_ONLY___ ═
2024-09-25 18:23:31,436 INFO     ___FILE_ONLY___ ═
2024-09-25 18:23:31,437 INFO     ___FILE_ONLY___ ═
2024-09-25 18:23:31,437 INFO     ___FILE_ONLY___ ═
2024-09-25 18:23:31,437 INFO     ___FILE_ONLY___ ═
2024-09-25 18:23:31,437 INFO     ___FILE_ONLY___ ═
2024-09-25 18:23:31,437 INFO     ___FILE_ONLY___ ═
2024-09-25 18:23:31,437 INFO     ___FILE_ONLY___ ═
2024-09-25 18:23:31,438 INFO     ___FILE_ONLY___ ═
2024-09-25 18:23:31,438 INFO     ___FILE_ONLY___ ═
2024-09-25 18:23:31,438 INFO     ___FILE_ONLY___ ═
2024-09-25 18:23:31,438 INFO     ___FILE_ONLY___ ═
2024-09-25 18:23:31,438 INFO     ___FILE_ONLY___ ═
2024-09-25 18:23:31,438 INFO     ___FILE_ONLY___ ═
2024-09-25 18:23:31,439 INFO     ___FILE_ONLY___ ═
2024-09-25 18:23:31,439 INFO     ___FILE_ONLY___ ═
2024-09-25 18:23:31,439 INFO     ___FILE_ONLY___ ═
2024-09-25 18:23:31,439 INFO     ___FILE_ONLY___ ═
2024-09-25 18:23:31,439 INFO     ___FILE_ONLY___ ═
2024-09-25 18:23:31,439 INFO     ___FILE_ONLY___ ═
2024-09-25 18:23:31,440 INFO     ___FILE_ONLY___ ═
2024-09-25 18:23:31,440 INFO     ___FILE_ONLY___ ═
2024-09-25 18:23:31,440 INFO     ___FILE_ONLY___ ═
2024-09-25 18:23:31,440 INFO     ___FILE_ONLY___ ═
2024-09-25 18:23:31,440 INFO     ___FILE_ONLY___ ═
2024-09-25 18:23:31,440 INFO     ___FILE_ONLY___ ═
2024-09-25 18:23:31,441 INFO     ___FILE_ONLY___ ═
2024-09-25 18:23:31,441 INFO     ___FILE_ONLY___ ═
2024-09-25 18:23:31,441 INFO     ___FILE_ONLY___ ═
2024-09-25 18:23:31,441 INFO     ___FILE_ONLY___ ═
2024-09-25 18:23:31,441 INFO     ___FILE_ONLY___ ═
2024-09-25 18:23:31,441 INFO     ___FILE_ONLY___ ═
2024-09-25 18:23:31,442 INFO     ___FILE_ONLY___ ╝

2024-09-25 18:23:31,444 INFO     ___FILE_ONLY___ ╔════════════════════════════════════════════════════════════╗

2024-09-25 18:23:31,444 INFO     ___FILE_ONLY___ ╠═ Downloading: gcloud cli dependencies (Platform Specific) ═╣

2024-09-25 18:23:31,445 INFO     ___FILE_ONLY___ ╚
2024-09-25 18:23:31,449 DEBUG    urllib3.connectionpool Starting new HTTPS connection (1): dl.google.com:443
2024-09-25 18:23:31,563 DEBUG    urllib3.connectionpool https://dl.google.com:443 "GET /dl/cloudsdk/channels/rapid/components/google-cloud-sdk-gcloud-deps-linux-x86_64-20210416153011.tar.gz HTTP/1.1" 200 104
2024-09-25 18:23:31,563 INFO     ___FILE_ONLY___ ════════════════════════════════════════════════════════════
2024-09-25 18:23:31,564 INFO     ___FILE_ONLY___ ╝

2024-09-25 18:23:31,566 INFO     ___FILE_ONLY___ ╔════════════════════════════════════════════════════════════╗

2024-09-25 18:23:31,567 INFO     ___FILE_ONLY___ ╠═ Installing: BigQuery Command Line Tool                   ═╣

2024-09-25 18:23:31,567 INFO     ___FILE_ONLY___ ╚
2024-09-25 18:23:31,700 INFO     ___FILE_ONLY___ ═
2024-09-25 18:23:31,704 INFO     ___FILE_ONLY___ ═
2024-09-25 18:23:31,708 INFO     ___FILE_ONLY___ ═
2024-09-25 18:23:31,712 INFO     ___FILE_ONLY___ ═
2024-09-25 18:23:31,717 INFO     ___FILE_ONLY___ ═
2024-09-25 18:23:31,720 INFO     ___FILE_ONLY___ ═
2024-09-25 18:23:31,724 INFO     ___FILE_ONLY___ ═
2024-09-25 18:23:31,728 INFO     ___FILE_ONLY___ ═
2024-09-25 18:23:31,732 INFO     ___FILE_ONLY___ ═
2024-09-25 18:23:31,735 INFO     ___FILE_ONLY___ ═
2024-09-25 18:23:31,738 INFO     ___FILE_ONLY___ ═
2024-09-25 18:23:31,742 INFO     ___FILE_ONLY___ ═
2024-09-25 18:23:31,746 INFO     ___FILE_ONLY___ ═
2024-09-25 18:23:31,750 INFO     ___FILE_ONLY___ ═
2024-09-25 18:23:31,754 INFO     ___FILE_ONLY___ ═
2024-09-25 18:23:31,757 INFO     ___FILE_ONLY___ ═
2024-09-25 18:23:31,761 INFO     ___FILE_ONLY___ ═
2024-09-25 18:23:31,766 INFO     ___FILE_ONLY___ ═
2024-09-25 18:23:31,770 INFO     ___FILE_ONLY___ ═
2024-09-25 18:23:31,774 INFO     ___FILE_ONLY___ ═
2024-09-25 18:23:31,778 INFO     ___FILE_ONLY___ ═
2024-09-25 18:23:31,781 INFO     ___FILE_ONLY___ ═
2024-09-25 18:23:31,784 INFO     ___FILE_ONLY___ ═
2024-09-25 18:23:31,788 INFO     ___FILE_ONLY___ ═
2024-09-25 18:23:31,792 INFO     ___FILE_ONLY___ ═
2024-09-25 18:23:31,795 INFO     ___FILE_ONLY___ ═
2024-09-25 18:23:31,799 INFO     ___FILE_ONLY___ ═
2024-09-25 18:23:31,805 INFO     ___FILE_ONLY___ ═
2024-09-25 18:23:31,808 INFO     ___FILE_ONLY___ ═
2024-09-25 18:23:31,812 INFO     ___FILE_ONLY___ ═
2024-09-25 18:23:31,816 INFO     ___FILE_ONLY___ ═
2024-09-25 18:23:31,819 INFO     ___FILE_ONLY___ ═
2024-09-25 18:23:31,824 INFO     ___FILE_ONLY___ ═
2024-09-25 18:23:31,830 INFO     ___FILE_ONLY___ ═
2024-09-25 18:23:31,842 INFO     ___FILE_ONLY___ ═
2024-09-25 18:23:31,844 INFO     ___FILE_ONLY___ ═
2024-09-25 18:23:31,848 INFO     ___FILE_ONLY___ ═
2024-09-25 18:23:31,855 INFO     ___FILE_ONLY___ ═
2024-09-25 18:23:31,859 INFO     ___FILE_ONLY___ ═
2024-09-25 18:23:31,863 INFO     ___FILE_ONLY___ ═
2024-09-25 18:23:31,866 INFO     ___FILE_ONLY___ ═
2024-09-25 18:23:31,871 INFO     ___FILE_ONLY___ ═
2024-09-25 18:23:31,876 INFO     ___FILE_ONLY___ ═
2024-09-25 18:23:31,880 INFO     ___FILE_ONLY___ ═
2024-09-25 18:23:31,883 INFO     ___FILE_ONLY___ ═
2024-09-25 18:23:31,887 INFO     ___FILE_ONLY___ ═
2024-09-25 18:23:31,891 INFO     ___FILE_ONLY___ ═
2024-09-25 18:23:31,894 INFO     ___FILE_ONLY___ ═
2024-09-25 18:23:31,898 INFO     ___FILE_ONLY___ ═
2024-09-25 18:23:31,901 INFO     ___FILE_ONLY___ ═
2024-09-25 18:23:31,905 INFO     ___FILE_ONLY___ ═
2024-09-25 18:23:31,908 INFO     ___FILE_ONLY___ ═
2024-09-25 18:23:31,911 INFO     ___FILE_ONLY___ ═
2024-09-25 18:23:31,915 INFO     ___FILE_ONLY___ ═
2024-09-25 18:23:31,919 INFO     ___FILE_ONLY___ ═
2024-09-25 18:23:31,921 INFO     ___FILE_ONLY___ ═
2024-09-25 18:23:31,925 INFO     ___FILE_ONLY___ ═
2024-09-25 18:23:31,929 INFO     ___FILE_ONLY___ ═
2024-09-25 18:23:31,932 INFO     ___FILE_ONLY___ ═
2024-09-25 18:23:31,936 INFO     ___FILE_ONLY___ ═
2024-09-25 18:23:31,936 INFO     ___FILE_ONLY___ ╝

2024-09-25 18:23:31,954 INFO     ___FILE_ONLY___ ╔════════════════════════════════════════════════════════════╗

2024-09-25 18:23:31,954 INFO     ___FILE_ONLY___ ╠═ Installing: BigQuery Command Line Tool (Platform Spec... ═╣

2024-09-25 18:23:31,954 INFO     ___FILE_ONLY___ ╚
2024-09-25 18:23:31,955 INFO     ___FILE_ONLY___ ════════════════════════════════════════════════════════════
2024-09-25 18:23:31,955 INFO     ___FILE_ONLY___ ╝

2024-09-25 18:23:31,964 INFO     ___FILE_ONLY___ ╔════════════════════════════════════════════════════════════╗

2024-09-25 18:23:31,964 INFO     ___FILE_ONLY___ ╠═ Installing: Bundled Python 3.11                          ═╣

2024-09-25 18:23:31,964 INFO     ___FILE_ONLY___ ╚
2024-09-25 18:23:31,970 INFO     ___FILE_ONLY___ ════════════════════════════════════════════════════════════
2024-09-25 18:23:31,970 INFO     ___FILE_ONLY___ ╝

2024-09-25 18:23:31,973 INFO     ___FILE_ONLY___ ╔════════════════════════════════════════════════════════════╗

2024-09-25 18:23:31,973 INFO     ___FILE_ONLY___ ╠═ Installing: Bundled Python 3.11 (Platform Specific)      ═╣

2024-09-25 18:23:31,973 INFO     ___FILE_ONLY___ ╚
2024-09-25 18:23:34,247 INFO     ___FILE_ONLY___ ═
2024-09-25 18:23:34,275 INFO     ___FILE_ONLY___ ═
2024-09-25 18:23:34,300 INFO     ___FILE_ONLY___ ═
2024-09-25 18:23:34,333 INFO     ___FILE_ONLY___ ═
2024-09-25 18:23:34,370 INFO     ___FILE_ONLY___ ═
2024-09-25 18:23:34,396 INFO     ___FILE_ONLY___ ═
2024-09-25 18:23:34,422 INFO     ___FILE_ONLY___ ═
2024-09-25 18:23:34,447 INFO     ___FILE_ONLY___ ═
2024-09-25 18:23:34,473 INFO     ___FILE_ONLY___ ═
2024-09-25 18:23:34,498 INFO     ___FILE_ONLY___ ═
2024-09-25 18:23:34,522 INFO     ___FILE_ONLY___ ═
2024-09-25 18:23:34,547 INFO     ___FILE_ONLY___ ═
2024-09-25 18:23:34,572 INFO     ___FILE_ONLY___ ═
2024-09-25 18:23:34,600 INFO     ___FILE_ONLY___ ═
2024-09-25 18:23:34,627 INFO     ___FILE_ONLY___ ═
2024-09-25 18:23:34,652 INFO     ___FILE_ONLY___ ═
2024-09-25 18:23:34,679 INFO     ___FILE_ONLY___ ═
2024-09-25 18:23:34,705 INFO     ___FILE_ONLY___ ═
2024-09-25 18:23:34,731 INFO     ___FILE_ONLY___ ═
2024-09-25 18:23:34,757 INFO     ___FILE_ONLY___ ═
2024-09-25 18:23:34,782 INFO     ___FILE_ONLY___ ═
2024-09-25 18:23:34,806 INFO     ___FILE_ONLY___ ═
2024-09-25 18:23:34,830 INFO     ___FILE_ONLY___ ═
2024-09-25 18:23:34,854 INFO     ___FILE_ONLY___ ═
2024-09-25 18:23:34,879 INFO     ___FILE_ONLY___ ═
2024-09-25 18:23:34,904 INFO     ___FILE_ONLY___ ═
2024-09-25 18:23:34,928 INFO     ___FILE_ONLY___ ═
2024-09-25 18:23:34,952 INFO     ___FILE_ONLY___ ═
2024-09-25 18:23:34,977 INFO     ___FILE_ONLY___ ═
2024-09-25 18:23:35,001 INFO     ___FILE_ONLY___ ═
2024-09-25 18:23:35,024 INFO     ___FILE_ONLY___ ═
2024-09-25 18:23:35,048 INFO     ___FILE_ONLY___ ═
2024-09-25 18:23:35,072 INFO     ___FILE_ONLY___ ═
2024-09-25 18:23:35,096 INFO     ___FILE_ONLY___ ═
2024-09-25 18:23:35,120 INFO     ___FILE_ONLY___ ═
2024-09-25 18:23:35,148 INFO     ___FILE_ONLY___ ═
2024-09-25 18:23:36,066 INFO     ___FILE_ONLY___ ═
2024-09-25 18:23:36,107 INFO     ___FILE_ONLY___ ═
2024-09-25 18:23:36,144 INFO     ___FILE_ONLY___ ═
2024-09-25 18:23:36,176 INFO     ___FILE_ONLY___ ═
2024-09-25 18:23:36,210 INFO     ___FILE_ONLY___ ═
2024-09-25 18:23:36,383 INFO     ___FILE_ONLY___ ═
2024-09-25 18:23:36,426 INFO     ___FILE_ONLY___ ═
2024-09-25 18:23:36,457 INFO     ___FILE_ONLY___ ═
2024-09-25 18:23:36,486 INFO     ___FILE_ONLY___ ═
2024-09-25 18:23:36,517 INFO     ___FILE_ONLY___ ═
2024-09-25 18:23:36,562 INFO     ___FILE_ONLY___ ═
2024-09-25 18:23:36,597 INFO     ___FILE_ONLY___ ═
2024-09-25 18:23:36,627 INFO     ___FILE_ONLY___ ═
2024-09-25 18:23:36,654 INFO     ___FILE_ONLY___ ═
2024-09-25 18:23:36,774 INFO     ___FILE_ONLY___ ═
2024-09-25 18:23:36,807 INFO     ___FILE_ONLY___ ═
2024-09-25 18:23:36,840 INFO     ___FILE_ONLY___ ═
2024-09-25 18:23:36,871 INFO     ___FILE_ONLY___ ═
2024-09-25 18:23:36,935 INFO     ___FILE_ONLY___ ═
2024-09-25 18:23:37,412 INFO     ___FILE_ONLY___ ═
2024-09-25 18:23:37,443 INFO     ___FILE_ONLY___ ═
2024-09-25 18:23:37,476 INFO     ___FILE_ONLY___ ═
2024-09-25 18:23:37,507 INFO     ___FILE_ONLY___ ═
2024-09-25 18:23:37,981 INFO     ___FILE_ONLY___ ═
2024-09-25 18:23:37,981 INFO     ___FILE_ONLY___ ╝

2024-09-25 18:23:38,108 INFO     ___FILE_ONLY___ ╔════════════════════════════════════════════════════════════╗

2024-09-25 18:23:38,108 INFO     ___FILE_ONLY___ ╠═ Installing: Cloud Storage Command Line Tool              ═╣

2024-09-25 18:23:38,108 INFO     ___FILE_ONLY___ ╚
2024-09-25 18:23:38,847 INFO     ___FILE_ONLY___ ═
2024-09-25 18:23:38,869 INFO     ___FILE_ONLY___ ═
2024-09-25 18:23:38,891 INFO     ___FILE_ONLY___ ═
2024-09-25 18:23:38,923 INFO     ___FILE_ONLY___ ═
2024-09-25 18:23:38,949 INFO     ___FILE_ONLY___ ═
2024-09-25 18:23:38,977 INFO     ___FILE_ONLY___ ═
2024-09-25 18:23:39,000 INFO     ___FILE_ONLY___ ═
2024-09-25 18:23:39,034 INFO     ___FILE_ONLY___ ═
2024-09-25 18:23:39,056 INFO     ___FILE_ONLY___ ═
2024-09-25 18:23:39,075 INFO     ___FILE_ONLY___ ═
2024-09-25 18:23:39,095 INFO     ___FILE_ONLY___ ═
2024-09-25 18:23:39,153 INFO     ___FILE_ONLY___ ═
2024-09-25 18:23:39,173 INFO     ___FILE_ONLY___ ═
2024-09-25 18:23:39,195 INFO     ___FILE_ONLY___ ═
2024-09-25 18:23:39,217 INFO     ___FILE_ONLY___ ═
2024-09-25 18:23:39,234 INFO     ___FILE_ONLY___ ═
2024-09-25 18:23:39,252 INFO     ___FILE_ONLY___ ═
2024-09-25 18:23:39,272 INFO     ___FILE_ONLY___ ═
2024-09-25 18:23:39,290 INFO     ___FILE_ONLY___ ═
2024-09-25 18:23:39,310 INFO     ___FILE_ONLY___ ═
2024-09-25 18:23:39,329 INFO     ___FILE_ONLY___ ═
2024-09-25 18:23:39,347 INFO     ___FILE_ONLY___ ═
2024-09-25 18:23:39,366 INFO     ___FILE_ONLY___ ═
2024-09-25 18:23:39,388 INFO     ___FILE_ONLY___ ═
2024-09-25 18:23:39,407 INFO     ___FILE_ONLY___ ═
2024-09-25 18:23:39,429 INFO     ___FILE_ONLY___ ═
2024-09-25 18:23:39,451 INFO     ___FILE_ONLY___ ═
2024-09-25 18:23:39,474 INFO     ___FILE_ONLY___ ═
2024-09-25 18:23:39,494 INFO     ___FILE_ONLY___ ═
2024-09-25 18:23:39,525 INFO     ___FILE_ONLY___ ═
2024-09-25 18:23:39,544 INFO     ___FILE_ONLY___ ═
2024-09-25 18:23:39,565 INFO     ___FILE_ONLY___ ═
2024-09-25 18:23:39,584 INFO     ___FILE_ONLY___ ═
2024-09-25 18:23:39,610 INFO     ___FILE_ONLY___ ═
2024-09-25 18:23:39,629 INFO     ___FILE_ONLY___ ═
2024-09-25 18:23:39,650 INFO     ___FILE_ONLY___ ═
2024-09-25 18:23:39,674 INFO     ___FILE_ONLY___ ═
2024-09-25 18:23:39,700 INFO     ___FILE_ONLY___ ═
2024-09-25 18:23:39,724 INFO     ___FILE_ONLY___ ═
2024-09-25 18:23:39,751 INFO     ___FILE_ONLY___ ═
2024-09-25 18:23:39,774 INFO     ___FILE_ONLY___ ═
2024-09-25 18:23:39,794 INFO     ___FILE_ONLY___ ═
2024-09-25 18:23:39,814 INFO     ___FILE_ONLY___ ═
2024-09-25 18:23:39,837 INFO     ___FILE_ONLY___ ═
2024-09-25 18:23:39,861 INFO     ___FILE_ONLY___ ═
2024-09-25 18:23:39,885 INFO     ___FILE_ONLY___ ═
2024-09-25 18:23:39,910 INFO     ___FILE_ONLY___ ═
2024-09-25 18:23:39,931 INFO     ___FILE_ONLY___ ═
2024-09-25 18:23:39,956 INFO     ___FILE_ONLY___ ═
2024-09-25 18:23:39,977 INFO     ___FILE_ONLY___ ═
2024-09-25 18:23:39,996 INFO     ___FILE_ONLY___ ═
2024-09-25 18:23:40,016 INFO     ___FILE_ONLY___ ═
2024-09-25 18:23:40,037 INFO     ___FILE_ONLY___ ═
2024-09-25 18:23:40,056 INFO     ___FILE_ONLY___ ═
2024-09-25 18:23:40,075 INFO     ___FILE_ONLY___ ═
2024-09-25 18:23:40,093 INFO     ___FILE_ONLY___ ═
2024-09-25 18:23:40,112 INFO     ___FILE_ONLY___ ═
2024-09-25 18:23:40,151 INFO     ___FILE_ONLY___ ═
2024-09-25 18:23:40,178 INFO     ___FILE_ONLY___ ═
2024-09-25 18:23:40,209 INFO     ___FILE_ONLY___ ═
2024-09-25 18:23:40,210 INFO     ___FILE_ONLY___ ╝

2024-09-25 18:23:40,290 INFO     ___FILE_ONLY___ ╔════════════════════════════════════════════════════════════╗

2024-09-25 18:23:40,291 INFO     ___FILE_ONLY___ ╠═ Installing: Cloud Storage Command Line Tool (Platform... ═╣

2024-09-25 18:23:40,291 INFO     ___FILE_ONLY___ ╚
2024-09-25 18:23:40,292 INFO     ___FILE_ONLY___ ════════════════════════════════════════════════════════════
2024-09-25 18:23:40,292 INFO     ___FILE_ONLY___ ╝

2024-09-25 18:23:40,301 INFO     ___FILE_ONLY___ ╔════════════════════════════════════════════════════════════╗

2024-09-25 18:23:40,301 INFO     ___FILE_ONLY___ ╠═ Installing: Default set of gcloud commands               ═╣

2024-09-25 18:23:40,301 INFO     ___FILE_ONLY___ ╚
2024-09-25 18:23:40,307 INFO     ___FILE_ONLY___ ════════════════════════════════════════════════════════════
2024-09-25 18:23:40,307 INFO     ___FILE_ONLY___ ╝

2024-09-25 18:23:40,310 INFO     ___FILE_ONLY___ ╔════════════════════════════════════════════════════════════╗

2024-09-25 18:23:40,310 INFO     ___FILE_ONLY___ ╠═ Installing: Google Cloud CLI Core Libraries (Platform... ═╣

2024-09-25 18:23:40,310 INFO     ___FILE_ONLY___ ╚
2024-09-25 18:23:40,311 INFO     ___FILE_ONLY___ ══════════════════════════════
2024-09-25 18:23:40,312 INFO     ___FILE_ONLY___ ══════════════════════════════
2024-09-25 18:23:40,312 INFO     ___FILE_ONLY___ ╝

2024-09-25 18:23:40,320 INFO     ___FILE_ONLY___ ╔════════════════════════════════════════════════════════════╗

2024-09-25 18:23:40,321 INFO     ___FILE_ONLY___ ╠═ Installing: Google Cloud CRC32C Hash Tool                ═╣

2024-09-25 18:23:40,321 INFO     ___FILE_ONLY___ ╚
2024-09-25 18:23:40,326 INFO     ___FILE_ONLY___ ════════════════════════════════════════════════════════════
2024-09-25 18:23:40,327 INFO     ___FILE_ONLY___ ╝

2024-09-25 18:23:40,329 INFO     ___FILE_ONLY___ ╔════════════════════════════════════════════════════════════╗

2024-09-25 18:23:40,329 INFO     ___FILE_ONLY___ ╠═ Installing: Google Cloud CRC32C Hash Tool (Platform S... ═╣

2024-09-25 18:23:40,329 INFO     ___FILE_ONLY___ ╚
2024-09-25 18:23:40,370 INFO     ___FILE_ONLY___ ══════════════════════════════
2024-09-25 18:23:40,371 INFO     ___FILE_ONLY___ ══════════════════════════════
2024-09-25 18:23:40,371 INFO     ___FILE_ONLY___ ╝

2024-09-25 18:23:40,380 INFO     ___FILE_ONLY___ ╔════════════════════════════════════════════════════════════╗

2024-09-25 18:23:40,380 INFO     ___FILE_ONLY___ ╠═ Installing: gcloud cli dependencies (Platform Specific)  ═╣

2024-09-25 18:23:40,380 INFO     ___FILE_ONLY___ ╚
2024-09-25 18:23:40,381 INFO     ___FILE_ONLY___ ════════════════════════════════════════════════════════════
2024-09-25 18:23:40,381 INFO     ___FILE_ONLY___ ╝

2024-09-25 18:23:40,391 DEBUG    root            Updating notification cache...
2024-09-25 18:23:40,392 INFO     ___FILE_ONLY___ 

2024-09-25 18:23:40,395 INFO     ___FILE_ONLY___ Performing post processing steps...
2024-09-25 18:23:40,395 DEBUG    root            Executing command: ['/tools/google-cloud-sdk/bin/gcloud', 'components', 'post-process']
2024-09-25 18:23:55,514 DEBUG    ___FILE_ONLY___ 
2024-09-25 18:23:55,515 DEBUG    ___FILE_ONLY___ 
2024-09-25 18:23:55,685 INFO     ___FILE_ONLY___ 
Update done!


2024-09-25 18:23:55,690 DEBUG    root            Chosen display Format:none
2024-09-25 18:23:55,690 INFO     root            Display format: "none"
